[5/9/2018 10:23:05 AM] (0s): Application Started. ID: 001. Scene: InteractionMethod4Large.
[5/9/2018 10:23:10 AM] (4.810145s): Test Started. ID: 001. Scene: InteractionMethod4Large.
[5/9/2018 10:23:11 AM] (5.760227s): User picked up the correct object. Distance to center of correct object: -1
[5/9/2018 10:23:12 AM] (7.099868s): User released an object.
[5/9/2018 10:23:12 AM] (7.4s): Cube successfully placed in target. 7.4s since last cube successfully placed.
[5/9/2018 10:23:13 AM] (8.116468s): User picked up the correct object. Distance to center of correct object: -1
[5/9/2018 10:23:15 AM] (10.02636s): User released an object.
[5/9/2018 10:23:15 AM] (10.27778s): Cube successfully placed in target. 2.877778s since last cube successfully placed.
[5/9/2018 10:23:16 AM] (11.13216s): User picked up the correct object. Distance to center of correct object: -1
[5/9/2018 10:23:17 AM] (12.43902s): User released an object.
[5/9/2018 10:23:17 AM] (12.66667s): Cube successfully placed in target. 2.388889s since last cube successfully placed.
[5/9/2018 10:23:18 AM] (13.41097s): User picked up the correct object. Distance to center of correct object: -1
[5/9/2018 10:23:20 AM] (15.06392s): User released an object.
[5/9/2018 10:23:20 AM] (15.3s): Cube successfully placed in target. 2.633333s since last cube successfully placed.
[5/9/2018 10:23:21 AM] (15.84596s): User picked up the correct object. Distance to center of correct object: -1
[5/9/2018 10:23:21 AM] (16.5719s): User released an object.
[5/9/2018 10:23:22 AM] (16.78889s): Cube successfully placed in target. 1.488889s since last cube successfully placed.
[5/9/2018 10:23:22 AM] (17.26453s): User picked up the correct object. Distance to center of correct object: -1
[5/9/2018 10:23:23 AM] (18.37023s): User released an object.
[5/9/2018 10:23:23 AM] (18.43333s): Cube successfully placed in target. 1.644445s since last cube successfully placed.
[5/9/2018 10:23:24 AM] (19.24153s): User picked up the correct object. Distance to center of correct object: -1
[5/9/2018 10:23:25 AM] (20.16855s): User released an object.
[5/9/2018 10:23:25 AM] (20.4s): Cube successfully placed in target. 1.966665s since last cube successfully placed.
[5/9/2018 10:23:27 AM] (22.50323s): User picked up the correct object. Distance to center of correct object: -1
[5/9/2018 10:23:30 AM] (25.61941s): User released an object.
[5/9/2018 10:23:30 AM] (25.71111s): Cube successfully placed in target. 5.311111s since last cube successfully placed.
[5/9/2018 10:23:31 AM] (26.59129s): User picked up the correct object. Distance to center of correct object: -1
[5/9/2018 10:23:32 AM] (27.40653s): User released an object.
[5/9/2018 10:23:32 AM] (27.66667s): Cube successfully placed in target. 1.955557s since last cube successfully placed.
[5/9/2018 10:23:33 AM] (28.28914s): User picked up the correct object. Distance to center of correct object: -1
[5/9/2018 10:23:34 AM] (29.10436s): User released an object.
[5/9/2018 10:23:34 AM] (29.37778s): Cube successfully placed in target. 1.711111s since last cube successfully placed.
[5/9/2018 10:23:34 AM] (29.38436s): Test Concluded. ID: 001. Scene: InteractionMethod4Large. Number of correct pickups: 10. Number of wrong pickups: 0. Number of missed pickups: 0
[5/9/2018 10:26:51 AM] (0s): Application Started. ID: 001. Scene: InteractionMethod4Large.
[5/9/2018 10:26:55 AM] (4.076182s): Test Started. ID: 001. Scene: InteractionMethod4Large.
[5/9/2018 10:26:55 AM] (4.802193s): User picked up the correct object. Distance to center of correct object: -1
[5/9/2018 10:26:57 AM] (6.220914s): User released an object.
[5/9/2018 10:26:57 AM] (6.433333s): Cube successfully placed in target. 6.433333s since last cube successfully placed.
[5/9/2018 10:26:58 AM] (7.159021s): User picked up the correct object. Distance to center of correct object: -1
[5/9/2018 10:26:59 AM] (8.89033s): User released an object.
[5/9/2018 10:27:00 AM] (9.111112s): Cube successfully placed in target. 2.677778s since last cube successfully placed.
[5/9/2018 10:27:00 AM] (9.795049s): User picked up the correct object. Distance to center of correct object: -1
[5/9/2018 10:27:01 AM] (10.77812s): User released an object.
[5/9/2018 10:27:02 AM] (11s): Cube successfully placed in target. 1.888888s since last cube successfully placed.
[5/9/2018 10:27:02 AM] (11.50409s): User picked up the correct object. Distance to center of correct object: -1
[5/9/2018 10:27:03 AM] (12.8111s): User released an object.
[5/9/2018 10:27:04 AM] (13.01111s): Cube successfully placed in target. 2.011111s since last cube successfully placed.
[5/9/2018 10:27:04 AM] (13.9057s): User picked up the correct object. Distance to center of correct object: -1
[5/9/2018 10:27:06 AM] (15.02322s): User released an object.
[5/9/2018 10:27:06 AM] (15.23333s): Cube successfully placed in target. 2.222222s since last cube successfully placed.
[5/9/2018 10:27:07 AM] (16.00553s): User picked up the correct object. Distance to center of correct object: -1
[5/9/2018 10:27:08 AM] (17.10012s): User released an object.
[5/9/2018 10:27:08 AM] (17.34444s): Cube successfully placed in target. 2.111111s since last cube successfully placed.
[5/9/2018 10:27:09 AM] (18.04954s): User picked up the correct object. Distance to center of correct object: -1
[5/9/2018 10:27:10 AM] (19.07709s): User released an object.
[5/9/2018 10:27:10 AM] (19.28889s): Cube successfully placed in target. 1.944445s since last cube successfully placed.
[5/9/2018 10:27:11 AM] (19.94833s): User picked up the correct object. Distance to center of correct object: -1
[5/9/2018 10:27:12 AM] (21.0877s): User released an object.
[5/9/2018 10:27:12 AM] (21.31111s): Cube successfully placed in target. 2.022223s since last cube successfully placed.
[5/9/2018 10:27:13 AM] (21.94777s): User picked up the correct object. Distance to center of correct object: -1
[5/9/2018 10:27:13 AM] (22.83016s): User released an object.
[5/9/2018 10:27:14 AM] (23.06667s): Cube successfully placed in target. 1.755556s since last cube successfully placed.
[5/9/2018 10:27:14 AM] (23.46687s): User picked up the correct object. Distance to center of correct object: -1
[5/9/2018 10:27:15 AM] (24.56231s): User released an object.
[5/9/2018 10:27:15 AM] (24.74445s): Cube successfully placed in target. 1.677778s since last cube successfully placed.
[5/9/2018 10:27:15 AM] (24.75139s): Test Concluded. ID: 001. Scene: InteractionMethod4Large. Number of correct pickups: 10. Number of wrong pickups: 0. Number of missed pickups: 0
