[5/9/2018 10:18:52 AM] (0s): Application Started. ID: 001. Scene: InteractionMethod2Large.
[5/9/2018 10:18:54 AM] (2.193784s): Test Started. ID: 001. Scene: InteractionMethod2Large.
[5/9/2018 10:18:56 AM] (4.349863s): User released an object.
[5/9/2018 10:18:57 AM] (4.844445s): User picked up the correct object. Distance to center of correct object: 0.1189788
[5/9/2018 10:18:58 AM] (6.427329s): User released an object.
[5/9/2018 10:18:59 AM] (6.611111s): Cube successfully placed in target. 6.611111s since last cube successfully placed.
[5/9/2018 10:18:59 AM] (7.533333s): User picked up the correct object. Distance to center of correct object: 0.1171262
[5/9/2018 10:19:01 AM] (8.627795s): User released an object.
[5/9/2018 10:19:01 AM] (8.866667s): Cube successfully placed in target. 2.255556s since last cube successfully placed.
[5/9/2018 10:19:02 AM] (9.888889s): User picked up the correct object. Distance to center of correct object: 0.1226567
[5/9/2018 10:19:03 AM] (11.02929s): User released an object.
[5/9/2018 10:19:03 AM] (11.3s): Cube successfully placed in target. 2.433333s since last cube successfully placed.
[5/9/2018 10:19:04 AM] (12.17778s): User picked up the correct object. Distance to center of correct object: 0.1274201
[5/9/2018 10:19:05 AM] (13.12919s): User released an object.
[5/9/2018 10:19:05 AM] (13.4s): Cube successfully placed in target. 2.1s since last cube successfully placed.
[5/9/2018 10:19:06 AM] (14.11111s): User picked up the correct object. Distance to center of correct object: 0.1348639
[5/9/2018 10:19:07 AM] (14.91645s): User released an object.
[5/9/2018 10:19:07 AM] (15.16667s): Cube successfully placed in target. 1.766666s since last cube successfully placed.
[5/9/2018 10:19:08 AM] (15.87778s): User picked up the correct object. Distance to center of correct object: 0.1448578
[5/9/2018 10:19:09 AM] (16.86018s): User released an object.
[5/9/2018 10:19:09 AM] (17.06667s): Cube successfully placed in target. 1.900001s since last cube successfully placed.
[5/9/2018 10:19:10 AM] (17.98889s): User picked up the correct object. Distance to center of correct object: 0.1225742
[5/9/2018 10:19:11 AM] (19.08278s): User released an object.
[5/9/2018 10:19:11 AM] (19.34444s): Cube successfully placed in target. 2.277777s since last cube successfully placed.
[5/9/2018 10:19:12 AM] (20.27778s): User picked up the correct object. Distance to center of correct object: 0.1558299
[5/9/2018 10:19:13 AM] (21.33904s): User released an object.
[5/9/2018 10:19:13 AM] (21.55556s): Cube successfully placed in target. 2.211111s since last cube successfully placed.
[5/9/2018 10:19:14 AM] (22.5s): User picked up the correct object. Distance to center of correct object: 0.1230224
[5/9/2018 10:19:16 AM] (23.66224s): User released an object.
[5/9/2018 10:19:16 AM] (23.9s): Cube successfully placed in target. 2.344446s since last cube successfully placed.
[5/9/2018 10:19:16 AM] (24.47778s): User picked up the correct object. Distance to center of correct object: 0.1327528
[5/9/2018 10:19:17 AM] (25.29306s): User released an object.
[5/9/2018 10:19:17 AM] (25.52222s): Cube successfully placed in target. 1.622221s since last cube successfully placed.
[5/9/2018 10:19:17 AM] (25.52763s): Test Concluded. ID: 001. Scene: InteractionMethod2Large. Number of correct pickups: 10. Number of wrong pickups: 0. Number of missed pickups: 0
