[5/9/2018 3:55:48 PM] (0s): Application Started. ID: 014. Scene: InteractionMethod3Small.
[5/9/2018 3:55:51 PM] (2.78678s): Test Started. ID: 014. Scene: InteractionMethod3Small.
[5/9/2018 3:55:51 PM] (3.334366s): User picked up the correct object. Distance to center of correct object: -1
[5/9/2018 3:55:52 PM] (4.250165s): User released an object.
[5/9/2018 3:55:52 PM] (4.466667s): Cube successfully placed in target. 4.466667s since last cube successfully placed.
[5/9/2018 3:55:53 PM] (5.243981s): User picked up the correct object. Distance to center of correct object: -1
[5/9/2018 3:55:55 PM] (7.053474s): User released an object.
[5/9/2018 3:55:55 PM] (7.1s): Cube successfully placed in target. 2.633334s since last cube successfully placed.
[5/9/2018 3:55:56 PM] (8.058963s): User picked up the correct object. Distance to center of correct object: -1
[5/9/2018 3:55:57 PM] (8.952387s): User released an object.
[5/9/2018 3:55:57 PM] (9.166667s): Cube successfully placed in target. 2.066667s since last cube successfully placed.
[5/9/2018 3:55:58 PM] (9.778925s): User picked up the correct object. Distance to center of correct object: -1
[5/9/2018 3:55:59 PM] (10.67256s): User released an object.
[5/9/2018 3:55:59 PM] (10.87778s): Cube successfully placed in target. 1.711111s since last cube successfully placed.
[5/9/2018 3:55:59 PM] (11.47675s): User tried to pick up an object but missed. Distance to center of correct object: -1
[5/9/2018 3:56:00 PM] (12.18047s): User picked up the correct object. Distance to center of correct object: -1
[5/9/2018 3:56:01 PM] (13.43151s): User released an object.
[5/9/2018 3:56:01 PM] (13.55556s): Cube successfully placed in target. 2.677778s since last cube successfully placed.
[5/9/2018 3:56:02 PM] (14.3808s): User tried to pick up an object but missed. Distance to center of correct object: -1
[5/9/2018 3:56:03 PM] (14.85011s): User picked up the correct object. Distance to center of correct object: -1
[5/9/2018 3:56:04 PM] (15.79982s): User released an object.
[5/9/2018 3:56:04 PM] (15.97778s): Cube successfully placed in target. 2.422222s since last cube successfully placed.
[5/9/2018 3:56:05 PM] (16.70425s): User picked up the correct object. Distance to center of correct object: -1
[5/9/2018 3:56:06 PM] (18.36861s): User released an object.
[5/9/2018 3:56:06 PM] (18.52222s): Cube successfully placed in target. 2.544444s since last cube successfully placed.
[5/9/2018 3:56:07 PM] (19.23976s): User picked up the correct object. Distance to center of correct object: -1
[5/9/2018 3:56:08 PM] (20.33451s): User released an object.
[5/9/2018 3:56:08 PM] (20.48889s): Cube successfully placed in target. 1.966667s since last cube successfully placed.
[5/9/2018 3:56:09 PM] (21.1165s): User picked up the correct object. Distance to center of correct object: -1
[5/9/2018 3:56:10 PM] (22.1997s): User released an object.
[5/9/2018 3:56:10 PM] (22.36667s): Cube successfully placed in target. 1.877777s since last cube successfully placed.
[5/9/2018 3:56:11 PM] (23.10448s): User picked up the correct object. Distance to center of correct object: -1
[5/9/2018 3:56:16 PM] (27.90746s): User released an object.
[5/9/2018 3:56:16 PM] (28.05556s): Cube successfully placed in target. 5.688889s since last cube successfully placed.
[5/9/2018 3:56:16 PM] (28.06403s): Test Concluded. ID: 014. Scene: InteractionMethod3Small. Number of correct pickups: 10. Number of wrong pickups: 0. Number of missed pickups: 2
