[5/9/2018 2:01:00 PM] (0s): Application Started. ID: 008. Scene: InteractionMethod3Small.
[5/9/2018 2:01:01 PM] (1.550446s): Test Started. ID: 008. Scene: InteractionMethod3Small.
[5/9/2018 2:01:02 PM] (2.321808s): User picked up the correct object. Distance to center of correct object: -1
[5/9/2018 2:01:04 PM] (3.6s): Cube successfully placed in target. 3.6s since last cube successfully placed.
[5/9/2018 2:01:04 PM] (3.617498s): User released an object.
[5/9/2018 2:01:05 PM] (4.645162s): User picked up the correct object. Distance to center of correct object: -1
[5/9/2018 2:01:05 PM] (5.594563s): User released an object.
[5/9/2018 2:01:06 PM] (5.711111s): Cube successfully placed in target. 2.111111s since last cube successfully placed.
[5/9/2018 2:01:06 PM] (6.543972s): User picked up the correct object. Distance to center of correct object: -1
[5/9/2018 2:01:07 PM] (7.449193s): User released an object.
[5/9/2018 2:01:08 PM] (7.6s): Cube successfully placed in target. 1.888889s since last cube successfully placed.
[5/9/2018 2:01:08 PM] (8.152516s): User picked up the correct object. Distance to center of correct object: -1
[5/9/2018 2:01:09 PM] (9.034803s): User released an object.
[5/9/2018 2:01:09 PM] (9.211111s): Cube successfully placed in target. 1.611111s since last cube successfully placed.
[5/9/2018 2:01:10 PM] (9.649221s): User picked up the correct object. Distance to center of correct object: -1
[5/9/2018 2:01:10 PM] (10.4087s): User released an object.
[5/9/2018 2:01:11 PM] (10.62222s): Cube successfully placed in target. 1.411112s since last cube successfully placed.
[5/9/2018 2:01:11 PM] (11.10128s): User picked up the correct object. Distance to center of correct object: -1
[5/9/2018 2:01:12 PM] (11.86074s): User released an object.
[5/9/2018 2:01:12 PM] (12.03333s): Cube successfully placed in target. 1.411111s since last cube successfully placed.
[5/9/2018 2:01:13 PM] (12.74317s): User tried to pick up an object but missed. Distance to center of correct object: -1
[5/9/2018 2:01:13 PM] (13.20112s): User picked up the correct object. Distance to center of correct object: -1
[5/9/2018 2:01:17 PM] (16.77564s): User released an object.
[5/9/2018 2:01:17 PM] (17.17778s): Cube successfully placed in target. 5.144444s since last cube successfully placed.
[5/9/2018 2:01:18 PM] (18.16054s): User picked up the correct object. Distance to center of correct object: -1
[5/9/2018 2:01:19 PM] (18.98708s): User released an object.
[5/9/2018 2:01:19 PM] (19.17778s): Cube successfully placed in target. 2s since last cube successfully placed.
[5/9/2018 2:01:20 PM] (19.97017s): User picked up the correct object. Distance to center of correct object: -1
[5/9/2018 2:01:21 PM] (20.75189s): User released an object.
[5/9/2018 2:01:21 PM] (20.95556s): Cube successfully placed in target. 1.777779s since last cube successfully placed.
[5/9/2018 2:01:21 PM] (21.38854s): User picked up the correct object. Distance to center of correct object: -1
[5/9/2018 2:01:22 PM] (22.28233s): User released an object.
[5/9/2018 2:01:23 PM] (22.63333s): Cube successfully placed in target. 1.677776s since last cube successfully placed.
[5/9/2018 2:01:23 PM] (22.63958s): Test Concluded. ID: 008. Scene: InteractionMethod3Small. Number of correct pickups: 10. Number of wrong pickups: 0. Number of missed pickups: 1
