[5/9/2018 12:57:04 PM] (0s): Application Started. ID: 006. Scene: InteractionMethod2Small.
[5/9/2018 12:57:07 PM] (3.164309s): Test Started. ID: 006. Scene: InteractionMethod2Small.
[5/9/2018 12:57:08 PM] (3.700293s): User released an object.
[5/9/2018 12:57:08 PM] (4.433333s): User picked up the correct object. Distance to center of correct object: 0.0889496
[5/9/2018 12:57:09 PM] (5.398141s): User released an object.
[5/9/2018 12:57:09 PM] (5.633334s): Cube successfully placed in target. 5.633334s since last cube successfully placed.
[5/9/2018 12:57:10 PM] (6.411111s): User picked up the correct object. Distance to center of correct object: 0.09202299
[5/9/2018 12:57:11 PM] (7.263589s): User released an object.
[5/9/2018 12:57:11 PM] (7.5s): Cube successfully placed in target. 1.866666s since last cube successfully placed.
[5/9/2018 12:57:12 PM] (8.355556s): User picked up the correct object. Distance to center of correct object: 0.09567206
[5/9/2018 12:57:13 PM] (9.173475s): User released an object.
[5/9/2018 12:57:13 PM] (9.422222s): Cube successfully placed in target. 1.922222s since last cube successfully placed.
[5/9/2018 12:57:14 PM] (10.6s): User picked up the correct object. Distance to center of correct object: 0.1060609
[5/9/2018 12:57:16 PM] (11.67543s): User released an object.
[5/9/2018 12:57:16 PM] (11.91111s): Cube successfully placed in target. 2.48889s since last cube successfully placed.
[5/9/2018 12:57:17 PM] (12.66667s): User picked up the correct object. Distance to center of correct object: 0.09089876
[5/9/2018 12:57:17 PM] (13.48505s): User released an object.
[5/9/2018 12:57:18 PM] (13.72222s): Cube successfully placed in target. 1.81111s since last cube successfully placed.
[5/9/2018 12:57:18 PM] (14.52222s): User picked up the correct object. Distance to center of correct object: 0.09886417
[5/9/2018 12:57:19 PM] (15.33908s): User released an object.
[5/9/2018 12:57:19 PM] (15.6s): Cube successfully placed in target. 1.877778s since last cube successfully placed.
[5/9/2018 12:57:20 PM] (16.26667s): User picked up the correct object. Distance to center of correct object: 0.104998
[5/9/2018 12:57:21 PM] (17.0482s): User released an object.
[5/9/2018 12:57:21 PM] (17.31111s): Cube successfully placed in target. 1.711111s since last cube successfully placed.
[5/9/2018 12:57:22 PM] (17.96667s): User picked up the correct object. Distance to center of correct object: 0.1175732
[5/9/2018 12:57:23 PM] (18.7347s): User released an object.
[5/9/2018 12:57:23 PM] (19.02222s): Cube successfully placed in target. 1.711111s since last cube successfully placed.
[5/9/2018 12:57:24 PM] (19.67778s): User picked up the correct object. Distance to center of correct object: 0.1087738
[5/9/2018 12:57:24 PM] (20.44365s): User released an object.
[5/9/2018 12:57:25 PM] (20.71111s): Cube successfully placed in target. 1.688889s since last cube successfully placed.
[5/9/2018 12:57:25 PM] (21.36667s): User picked up the correct object. Distance to center of correct object: 0.1096163
[5/9/2018 12:57:26 PM] (22.10802s): User released an object.
[5/9/2018 12:57:26 PM] (22.38889s): Cube successfully placed in target. 1.677778s since last cube successfully placed.
[5/9/2018 12:57:26 PM] (22.39876s): Test Concluded. ID: 006. Scene: InteractionMethod2Small. Number of correct pickups: 10. Number of wrong pickups: 0. Number of missed pickups: 0
