[5/7/2018 1:50:27 AM] (0s): Application Started. ID: 0001. Scene: InteractionMethod1Large.
[5/7/2018 1:50:58 AM] (30.61397s): Test Started. ID: 0001. Scene: InteractionMethod1Large.
[5/7/2018 1:50:58 AM] (31.35141s): User picked up the correct object. Distance to center of correct object: -1
[5/7/2018 1:51:00 AM] (32.84866s): User released an object.
[5/7/2018 1:51:00 AM] (33.2s): Cube successfully placed in target. 33.2s since last cube successfully placed.
[5/7/2018 1:51:01 AM] (34.23337s): User tried to pick up an object but missed. Distance to center of correct object: -1
[5/7/2018 1:51:02 AM] (34.83612s): User picked up the correct object. Distance to center of correct object: -1
[5/7/2018 1:51:04 AM] (36.37754s): User released an object.
[5/7/2018 1:51:04 AM] (36.73333s): Cube successfully placed in target. 3.533333s since last cube successfully placed.
[5/7/2018 1:51:05 AM] (37.56146s): User picked up the correct object. Distance to center of correct object: -1
[5/7/2018 1:51:06 AM] (38.81223s): User released an object.
[5/7/2018 1:51:06 AM] (39.16667s): Cube successfully placed in target. 2.433334s since last cube successfully placed.
[5/7/2018 1:51:07 AM] (40.19764s): User picked up the correct object. Distance to center of correct object: -1
[5/7/2018 1:51:08 AM] (41.20254s): User released an object.
[5/7/2018 1:51:09 AM] (42.07405s): User picked up the correct object. Distance to center of correct object: -1
[5/7/2018 1:51:10 AM] (43.27997s): User released an object.
[5/7/2018 1:51:11 AM] (43.47778s): Cube successfully placed in target. 4.311111s since last cube successfully placed.
[5/7/2018 1:51:12 AM] (44.84394s): User picked up the correct object. Distance to center of correct object: -1
[5/7/2018 1:51:14 AM] (46.78822s): User released an object.
[5/7/2018 1:51:14 AM] (47.14445s): Cube successfully placed in target. 3.666668s since last cube successfully placed.
[5/7/2018 1:51:16 AM] (48.39676s): User picked up the correct object. Distance to center of correct object: -1
[5/7/2018 1:51:17 AM] (49.49021s): User released an object.
[5/7/2018 1:51:17 AM] (49.83334s): Cube successfully placed in target. 2.688889s since last cube successfully placed.
[5/7/2018 1:51:18 AM] (51.2106s): User picked up the correct object. Distance to center of correct object: -1
[5/7/2018 1:51:20 AM] (52.90814s): User released an object.
[5/7/2018 1:51:20 AM] (53.32222s): Cube successfully placed in target. 3.488888s since last cube successfully placed.
[5/7/2018 1:51:21 AM] (54.09227s): User picked up the correct object. Distance to center of correct object: -1
[5/7/2018 1:51:22 AM] (54.87393s): User released an object.
[5/7/2018 1:51:22 AM] (55.18889s): Cube successfully placed in target. 1.866665s since last cube successfully placed.
[5/7/2018 1:51:23 AM] (55.76775s): User picked up the correct object. Distance to center of correct object: -1
[5/7/2018 1:51:23 AM] (56.37072s): User released an object.
[5/7/2018 1:51:24 AM] (56.9748s): User picked up the correct object. Distance to center of correct object: -1
[5/7/2018 1:51:25 AM] (57.8898s): User released an object.
[5/7/2018 1:51:25 AM] (58.06667s): Cube successfully placed in target. 2.877781s since last cube successfully placed.
[5/7/2018 1:51:26 AM] (58.87271s): User picked up the correct object. Distance to center of correct object: -1
[5/7/2018 1:51:27 AM] (59.65523s): User released an object.
[5/7/2018 1:51:27 AM] (60s): Cube successfully placed in target. 1.933331s since last cube successfully placed.
[5/7/2018 1:51:27 AM] (60.01204s): Test Concluded. ID: 0001. Scene: InteractionMethod1Large. Number of correct pickups: 12. Number of wrong pickups: 0. Number of missed pickups: 1
[5/7/2018 1:56:30 AM] (0s): Application Started. ID: 0001. Scene: InteractionMethod1Large.
[5/7/2018 1:56:47 AM] (16.46241s): Test Started. ID: 0001. Scene: InteractionMethod1Large.
[5/7/2018 1:56:56 AM] (25.59884s): User picked up the correct object. Distance to center of correct object: -1
[5/7/2018 1:56:57 AM] (26.62653s): User released an object.
[5/7/2018 1:56:57 AM] (26.87218s): User picked up the correct object. Distance to center of correct object: -1
[5/7/2018 1:57:00 AM] (29.7761s): User released an object.
[5/7/2018 1:57:02 AM] (31.31823s): User picked up the correct object. Distance to center of correct object: -1
[5/7/2018 1:57:02 AM] (31.98807s): User released an object.
[5/7/2018 1:57:03 AM] (32.32377s): User picked up the correct object. Distance to center of correct object: -1
[5/7/2018 1:57:04 AM] (33.66318s): User released an object.
[5/7/2018 1:57:04 AM] (33.9s): Cube successfully placed in target. 33.9s since last cube successfully placed.
[5/7/2018 1:57:12 AM] (42.018s): User picked up the correct object. Distance to center of correct object: -1
[5/7/2018 1:57:14 AM] (43.89426s): User released an object.
[5/7/2018 1:57:15 AM] (44.35556s): Cube successfully placed in target. 10.45555s since last cube successfully placed.
[5/7/2018 1:57:16 AM] (45.45793s): User picked up the correct object. Distance to center of correct object: -1
[5/7/2018 1:57:17 AM] (46.97684s): User released an object.
[5/7/2018 1:57:18 AM] (47.36667s): Cube successfully placed in target. 3.011112s since last cube successfully placed.
[5/7/2018 1:57:19 AM] (48.29518s): User picked up the correct object. Distance to center of correct object: -1
[5/7/2018 1:57:20 AM] (49.25593s): User released an object.
[5/7/2018 1:57:20 AM] (49.53333s): Cube successfully placed in target. 2.166664s since last cube successfully placed.
[5/7/2018 1:57:21 AM] (50.46222s): User tried to pick up an object but missed. Distance to center of correct object: -1
[5/7/2018 1:57:21 AM] (50.88647s): User picked up the correct object. Distance to center of correct object: -1
[5/7/2018 1:57:22 AM] (51.55721s): User released an object.
[5/7/2018 1:57:22 AM] (51.91405s): User picked up the correct object. Distance to center of correct object: -1
[5/7/2018 1:57:24 AM] (53.12014s): User released an object.
[5/7/2018 1:57:24 AM] (53.27778s): Cube successfully placed in target. 3.744446s since last cube successfully placed.
[5/7/2018 1:57:24 AM] (53.99161s): User picked up the correct object. Distance to center of correct object: -1
[5/7/2018 1:57:26 AM] (56.11359s): User released an object.
[5/7/2018 1:57:37 AM] (66.39092s): Test Aborted. ID: 0001. Scene: InteractionMethod1Large. Number of correct pickups: 10. Number of wrong pickups: 0. Number of missed pickups: 1
[5/7/2018 1:58:05 AM] (0s): Application Started. ID: 0001. Scene: InteractionMethod1Large.
[5/7/2018 1:58:22 AM] (17.04831s): Test Started. ID: 0001. Scene: InteractionMethod1Large.
[5/7/2018 1:58:23 AM] (18.00892s): User picked up the correct object. Distance to center of correct object: -1
[5/7/2018 1:58:24 AM] (19.68411s): User released an object.
[5/7/2018 1:58:25 AM] (20.14445s): Cube successfully placed in target. 20.14445s since last cube successfully placed.
[5/7/2018 1:58:27 AM] (22.07495s): User picked up wrong object. Distance to center of correct object: -1
[5/7/2018 1:58:27 AM] (22.54368s): User released an object.
[5/7/2018 1:58:28 AM] (23.16952s): User picked up wrong object. Distance to center of correct object: -1
[5/7/2018 1:58:28 AM] (23.57128s): User released an object.
[5/7/2018 1:58:29 AM] (24.10741s): User picked up wrong object. Distance to center of correct object: -1
[5/7/2018 1:58:29 AM] (24.57648s): User released an object.
[5/7/2018 1:58:30 AM] (25.60405s): User tried to pick up an object but missed. Distance to center of correct object: -1
[5/7/2018 1:58:30 AM] (25.80514s): User tried to pick up an object but missed. Distance to center of correct object: -1
[5/7/2018 1:58:31 AM] (25.9848s): User tried to pick up an object but missed. Distance to center of correct object: -1
[5/7/2018 1:58:31 AM] (26.78798s): User picked up the correct object. Distance to center of correct object: -1
[5/7/2018 1:58:33 AM] (28.66426s): User released an object.
[5/7/2018 1:58:34 AM] (29.08889s): Cube successfully placed in target. 8.944445s since last cube successfully placed.
[5/7/2018 1:58:35 AM] (30.3398s): User picked up the correct object. Distance to center of correct object: -1
[5/7/2018 1:58:36 AM] (31.4122s): User released an object.
[5/7/2018 1:58:37 AM] (31.81111s): Cube successfully placed in target. 2.722221s since last cube successfully placed.
[5/7/2018 1:58:37 AM] (32.75267s): User picked up the correct object. Distance to center of correct object: -1
[5/7/2018 1:58:38 AM] (33.75769s): User released an object.
[5/7/2018 1:58:39 AM] (34.17778s): Cube successfully placed in target. 2.366669s since last cube successfully placed.
[5/7/2018 1:58:40 AM] (34.94184s): User picked up the correct object. Distance to center of correct object: -1
[5/7/2018 1:58:40 AM] (35.56758s): User released an object.
[5/7/2018 1:58:41 AM] (35.94445s): Cube successfully placed in target. 1.766666s since last cube successfully placed.
[5/7/2018 1:58:42 AM] (37.13105s): User picked up the correct object. Distance to center of correct object: -1
[5/7/2018 1:58:43 AM] (38.35948s): User released an object.
[5/7/2018 1:58:43 AM] (38.68889s): Cube successfully placed in target. 2.744442s since last cube successfully placed.
[5/7/2018 1:58:45 AM] (40.03482s): User picked up the correct object. Distance to center of correct object: -1
[5/7/2018 1:58:46 AM] (41.57778s): Cube successfully placed in target. 2.888889s since last cube successfully placed.
[5/7/2018 1:58:48 AM] (43.25174s): User picked up the correct object. Distance to center of correct object: -1
[5/7/2018 1:58:49 AM] (44.03378s): User released an object.
[5/7/2018 1:58:49 AM] (44.74844s): User picked up the correct object. Distance to center of correct object: -1
[5/7/2018 1:58:50 AM] (45.6867s): User released an object.
[5/7/2018 1:58:51 AM] (45.97778s): Cube successfully placed in target. 4.400002s since last cube successfully placed.
[5/7/2018 1:58:51 AM] (46.80362s): User picked up the correct object. Distance to center of correct object: -1
[5/7/2018 1:58:52 AM] (47.63018s): User released an object.
[5/7/2018 1:58:53 AM] (47.93333s): Cube successfully placed in target. 1.955555s since last cube successfully placed.
[5/7/2018 1:58:53 AM] (48.52368s): User picked up the correct object. Distance to center of correct object: -1
[5/7/2018 1:58:54 AM] (49.52975s): User released an object.
[5/7/2018 1:58:55 AM] (49.82222s): Cube successfully placed in target. 1.888889s since last cube successfully placed.
[5/7/2018 1:58:55 AM] (49.84162s): Test Concluded. ID: 0001. Scene: InteractionMethod1Large. Number of correct pickups: 11. Number of wrong pickups: 3. Number of missed pickups: 3
