[5/9/2018 10:40:27 AM] (0s): Application Started. ID: 002. Scene: InteractionMethod1Large.
[5/9/2018 10:40:40 AM] (13.31043s): Test Started. ID: 002. Scene: InteractionMethod1Large.
[5/9/2018 10:40:41 AM] (14.20419s): User picked up wrong object. Distance to center of correct object: 0.07944119
[5/9/2018 10:40:42 AM] (15.2877s): User released an object.
[5/9/2018 10:40:42 AM] (15.57778s): Cube successfully placed in target. 15.57778s since last cube successfully placed.
[5/9/2018 10:40:43 AM] (16.76203s): User picked up wrong object. Distance to center of correct object: 0.08455206
[5/9/2018 10:40:44 AM] (17.40984s): User released an object.
[5/9/2018 10:40:44 AM] (17.76667s): Cube successfully placed in target. 2.188889s since last cube successfully placed.
[5/9/2018 10:40:45 AM] (18.5605s): User picked up wrong object. Distance to center of correct object: 0.1076947
[5/9/2018 10:40:46 AM] (18.97485s): Test Aborted. ID: 002. Scene: InteractionMethod1Large. Number of correct pickups: 0. Number of wrong pickups: 3. Number of missed pickups: 0
[5/9/2018 10:45:39 AM] (0s): Application Started. ID: 002. Scene: InteractionMethod1Large.
[5/9/2018 10:45:41 AM] (2.097154s): Test Started. ID: 002. Scene: InteractionMethod1Large.
[5/9/2018 10:45:42 AM] (3.115314s): User picked up wrong object. Distance to center of correct object: 0.06278101
[5/9/2018 10:45:43 AM] (3.874726s): User released an object.
[5/9/2018 10:45:43 AM] (3.988889s): Cube successfully placed in target. 3.988889s since last cube successfully placed.
[5/9/2018 10:45:44 AM] (4.746017s): User picked up wrong object. Distance to center of correct object: 0.1199087
[5/9/2018 10:45:44 AM] (5.472282s): User released an object.
[5/9/2018 10:45:45 AM] (5.544445s): Cube successfully placed in target. 1.555556s since last cube successfully placed.
[5/9/2018 10:45:45 AM] (6.276238s): User picked up wrong object. Distance to center of correct object: 0.09547216
[5/9/2018 10:45:46 AM] (7.09157s): User released an object.
[5/9/2018 10:45:46 AM] (7.166667s): Cube successfully placed in target. 1.622222s since last cube successfully placed.
[5/9/2018 10:45:47 AM] (7.761811s): User picked up wrong object. Distance to center of correct object: 0.09006485
[5/9/2018 10:45:47 AM] (8.298898s): User released an object.
[5/9/2018 10:45:47 AM] (8.388889s): Cube successfully placed in target. 1.222222s since last cube successfully placed.
[5/9/2018 10:45:48 AM] (9.001682s): User picked up wrong object. Distance to center of correct object: 0.1399135
[5/9/2018 10:45:49 AM] (9.649683s): User released an object.
[5/9/2018 10:45:49 AM] (9.7s): Cube successfully placed in target. 1.31111s since last cube successfully placed.
[5/9/2018 10:45:49 AM] (10.39791s): User picked up wrong object. Distance to center of correct object: 0.1386856
[5/9/2018 10:45:50 AM] (10.96769s): User released an object.
[5/9/2018 10:45:50 AM] (11.06667s): Cube successfully placed in target. 1.366667s since last cube successfully placed.
[5/9/2018 10:45:51 AM] (11.53719s): User tried to pick up an object but missed. Distance to center of correct object: 0.2250081
[5/9/2018 10:45:51 AM] (12.30791s): User picked up wrong object. Distance to center of correct object: 0.08048595
[5/9/2018 10:45:52 AM] (12.83291s): User released an object.
[5/9/2018 10:45:52 AM] (12.92222s): Cube successfully placed in target. 1.855556s since last cube successfully placed.
[5/9/2018 10:45:54 AM] (14.91056s): User picked up wrong object. Distance to center of correct object: 0.03613377
[5/9/2018 10:45:55 AM] (15.89351s): User released an object.
[5/9/2018 10:45:55 AM] (16.02222s): Cube successfully placed in target. 3.1s since last cube successfully placed.
[5/9/2018 10:45:56 AM] (16.97688s): User picked up wrong object. Distance to center of correct object: 0.1024528
[5/9/2018 10:45:57 AM] (17.64716s): User released an object.
[5/9/2018 10:45:57 AM] (17.75556s): Cube successfully placed in target. 1.733334s since last cube successfully placed.
[5/9/2018 10:45:58 AM] (18.50723s): User picked up wrong object. Distance to center of correct object: 0.1065239
[5/9/2018 10:45:58 AM] (19.28972s): User released an object.
[5/9/2018 10:45:58 AM] (19.38889s): Cube successfully placed in target. 1.633333s since last cube successfully placed.
[5/9/2018 10:45:58 AM] (19.38981s): Test Concluded. ID: 002. Scene: InteractionMethod1Large. Number of correct pickups: 0. Number of wrong pickups: 10. Number of missed pickups: 1
