[5/9/2018 11:24:10 AM] (0s): Application Started. ID: 004. Scene: InteractionMethod1Large.
[5/9/2018 11:24:21 AM] (11.63062s): Test Started. ID: 004. Scene: InteractionMethod1Large.
[5/9/2018 11:24:22 AM] (12.34552s): User picked up wrong object. Distance to center of correct object: 0.06440857
[5/9/2018 11:24:23 AM] (13.2391s): User released an object.
[5/9/2018 11:24:23 AM] (13.36667s): Cube successfully placed in target. 13.36667s since last cube successfully placed.
[5/9/2018 11:24:24 AM] (14.09917s): User picked up wrong object. Distance to center of correct object: 0.08953476
[5/9/2018 11:24:24 AM] (14.85875s): User released an object.
[5/9/2018 11:24:25 AM] (15s): Cube successfully placed in target. 1.633333s since last cube successfully placed.
[5/9/2018 11:24:25 AM] (15.62947s): User picked up wrong object. Distance to center of correct object: 0.1161482
[5/9/2018 11:24:26 AM] (16.45597s): User released an object.
[5/9/2018 11:24:26 AM] (16.53333s): Cube successfully placed in target. 1.533333s since last cube successfully placed.
[5/9/2018 11:24:27 AM] (17.23785s): User picked up wrong object. Distance to center of correct object: 0.1079547
[5/9/2018 11:24:28 AM] (18.04208s): User released an object.
[5/9/2018 11:24:28 AM] (18.12222s): Cube successfully placed in target. 1.58889s since last cube successfully placed.
[5/9/2018 11:24:28 AM] (18.66773s): User tried to pick up an object but missed. Distance to center of correct object: 0.1297965
[5/9/2018 11:24:29 AM] (19.34896s): User picked up wrong object. Distance to center of correct object: 0.03548413
[5/9/2018 11:24:30 AM] (20.11972s): User released an object.
[5/9/2018 11:24:30 AM] (20.23333s): Cube successfully placed in target. 2.111111s since last cube successfully placed.
[5/9/2018 11:24:31 AM] (20.92387s): User picked up wrong object. Distance to center of correct object: 0.01945889
[5/9/2018 11:24:31 AM] (21.67229s): User released an object.
[5/9/2018 11:24:31 AM] (21.81111s): Cube successfully placed in target. 1.577778s since last cube successfully placed.
[5/9/2018 11:24:33 AM] (22.91224s): User picked up wrong object. Distance to center of correct object: 0.06556386
[5/9/2018 11:24:34 AM] (24.04027s): User released an object.
[5/9/2018 11:24:34 AM] (24.22222s): Cube successfully placed in target. 2.411112s since last cube successfully placed.
[5/9/2018 11:24:35 AM] (24.96746s): User picked up wrong object. Distance to center of correct object: 0.04618946
[5/9/2018 11:24:35 AM] (25.62645s): User released an object.
[5/9/2018 11:24:35 AM] (25.74445s): Cube successfully placed in target. 1.522223s since last cube successfully placed.
[5/9/2018 11:24:36 AM] (26.34132s): User picked up wrong object. Distance to center of correct object: 0.07367482
[5/9/2018 11:24:37 AM] (27.02251s): User released an object.
[5/9/2018 11:24:37 AM] (27.1s): Cube successfully placed in target. 1.355555s since last cube successfully placed.
[5/9/2018 11:24:38 AM] (27.90496s): User picked up wrong object. Distance to center of correct object: 0.05659436
[5/9/2018 11:24:38 AM] (28.72047s): User released an object.
[5/9/2018 11:24:39 AM] (28.88889s): Cube successfully placed in target. 1.788889s since last cube successfully placed.
[5/9/2018 11:24:39 AM] (28.89909s): Test Concluded. ID: 004. Scene: InteractionMethod1Large. Number of correct pickups: 0. Number of wrong pickups: 10. Number of missed pickups: 1
