[5/9/2018 5:51:42 PM] (0s): Application Started. ID: 017. Scene: InteractionMethod1Small.
[5/9/2018 5:51:46 PM] (3.750282s): Test Started. ID: 017. Scene: InteractionMethod1Small.
[5/9/2018 5:51:47 PM] (4.364543s): User picked up wrong object. Distance to center of correct object: 0.04370178
[5/9/2018 5:51:48 PM] (5.157448s): User released an object.
[5/9/2018 5:51:48 PM] (5.244444s): Cube successfully placed in target. 5.244444s since last cube successfully placed.
[5/9/2018 5:51:49 PM] (6.21863s): User picked up wrong object. Distance to center of correct object: 0.06224686
[5/9/2018 5:51:49 PM] (6.944905s): User released an object.
[5/9/2018 5:51:49 PM] (7.088889s): Cube successfully placed in target. 1.844445s since last cube successfully placed.
[5/9/2018 5:51:50 PM] (7.916761s): User picked up wrong object. Distance to center of correct object: 0.02596994
[5/9/2018 5:51:51 PM] (8.419075s): User released an object.
[5/9/2018 5:51:51 PM] (8.544445s): Cube successfully placed in target. 1.455556s since last cube successfully placed.
[5/9/2018 5:51:52 PM] (9.279325s): User picked up wrong object. Distance to center of correct object: 0.07022361
[5/9/2018 5:51:52 PM] (9.971761s): User released an object.
[5/9/2018 5:51:52 PM] (10.1s): Cube successfully placed in target. 1.555555s since last cube successfully placed.
[5/9/2018 5:51:53 PM] (10.74272s): User picked up wrong object. Distance to center of correct object: 0.08359956
[5/9/2018 5:51:54 PM] (11.44609s): User released an object.
[5/9/2018 5:51:54 PM] (11.65556s): Cube successfully placed in target. 1.555555s since last cube successfully placed.
[5/9/2018 5:51:55 PM] (12.35081s): User picked up wrong object. Distance to center of correct object: 0.08244476
[5/9/2018 5:51:55 PM] (12.99864s): User released an object.
[5/9/2018 5:51:56 PM] (13.11111s): Cube successfully placed in target. 1.455556s since last cube successfully placed.
[5/9/2018 5:51:56 PM] (13.82528s): User picked up wrong object. Distance to center of correct object: 0.07261901
[5/9/2018 5:51:57 PM] (14.52892s): User released an object.
[5/9/2018 5:51:57 PM] (14.68889s): Cube successfully placed in target. 1.577778s since last cube successfully placed.
[5/9/2018 5:51:58 PM] (15.31086s): User tried to pick up an object but missed. Distance to center of correct object: 0.0972083
[5/9/2018 5:51:58 PM] (16.07056s): User picked up wrong object. Distance to center of correct object: 0.04105712
[5/9/2018 5:51:59 PM] (16.76283s): User released an object.
[5/9/2018 5:51:59 PM] (16.92222s): Cube successfully placed in target. 2.233333s since last cube successfully placed.
[5/9/2018 5:52:00 PM] (17.84645s): User picked up wrong object. Distance to center of correct object: 0.09558611
[5/9/2018 5:52:01 PM] (18.47183s): User released an object.
[5/9/2018 5:52:01 PM] (18.57778s): Cube successfully placed in target. 1.655556s since last cube successfully placed.
[5/9/2018 5:52:02 PM] (19.17556s): User picked up wrong object. Distance to center of correct object: 0.0981126
[5/9/2018 5:52:02 PM] (19.76755s): User released an object.
[5/9/2018 5:52:02 PM] (19.91111s): Cube successfully placed in target. 1.333334s since last cube successfully placed.
[5/9/2018 5:52:02 PM] (19.9127s): Test Concluded. ID: 017. Scene: InteractionMethod1Small. Number of correct pickups: 0. Number of wrong pickups: 10. Number of missed pickups: 1
