[5/9/2018 5:55:57 PM] (0s): Application Started. ID: 017. Scene: InteractionMethod4Large.
[5/9/2018 5:55:58 PM] (1.065514s): Test Aborted. ID: 017. Scene: InteractionMethod4Large. Number of correct pickups: 0. Number of wrong pickups: 0. Number of missed pickups: 0
[5/9/2018 5:56:08 PM] (0s): Application Started. ID: 017. Scene: InteractionMethod4Large.
[5/9/2018 5:56:10 PM] (1.965125s): Test Aborted. ID: 017. Scene: InteractionMethod4Large. Number of correct pickups: 0. Number of wrong pickups: 0. Number of missed pickups: 0
[5/9/2018 5:56:16 PM] (0s): Application Started. ID: 017. Scene: InteractionMethod4Large.
[5/9/2018 5:56:19 PM] (2.925364s): Test Started. ID: 017. Scene: InteractionMethod4Large.
[5/9/2018 5:56:20 PM] (3.584485s): User picked up the correct object. Distance to center of correct object: -1
[5/9/2018 5:56:22 PM] (6.120013s): User released an object.
[5/9/2018 5:56:23 PM] (6.433333s): Cube successfully placed in target. 6.433333s since last cube successfully placed.
[5/9/2018 5:56:24 PM] (7.214556s): User picked up the correct object. Distance to center of correct object: -1
[5/9/2018 5:56:24 PM] (8.186476s): User released an object.
[5/9/2018 5:56:25 PM] (8.6s): Cube successfully placed in target. 2.166667s since last cube successfully placed.
[5/9/2018 5:56:26 PM] (9.281018s): User picked up the correct object. Distance to center of correct object: -1
[5/9/2018 5:56:27 PM] (10.24161s): User released an object.
[5/9/2018 5:56:27 PM] (10.48889s): Cube successfully placed in target. 1.888888s since last cube successfully placed.
[5/9/2018 5:56:28 PM] (11.32506s): User tried to pick up an object but missed. Distance to center of correct object: -1
[5/9/2018 5:56:28 PM] (11.649s): User picked up the correct object. Distance to center of correct object: -1
[5/9/2018 5:56:31 PM] (14.60895s): User released an object.
[5/9/2018 5:56:31 PM] (14.81111s): Cube successfully placed in target. 4.322223s since last cube successfully placed.
[5/9/2018 5:56:32 PM] (15.75954s): User picked up the correct object. Distance to center of correct object: -1
[5/9/2018 5:56:33 PM] (16.87643s): User released an object.
[5/9/2018 5:56:33 PM] (17.14445s): Cube successfully placed in target. 2.333334s since last cube successfully placed.
[5/9/2018 5:56:34 PM] (18.09397s): User picked up the correct object. Distance to center of correct object: -1
[5/9/2018 5:56:35 PM] (19.17738s): User released an object.
[5/9/2018 5:56:36 PM] (19.48889s): Cube successfully placed in target. 2.344444s since last cube successfully placed.
[5/9/2018 5:56:36 PM] (19.9481s): User tried to pick up an object but missed. Distance to center of correct object: -1
[5/9/2018 5:56:37 PM] (20.29434s): User picked up the correct object. Distance to center of correct object: -1
[5/9/2018 5:56:37 PM] (21.15447s): User released an object.
[5/9/2018 5:56:38 PM] (21.57778s): Cube successfully placed in target. 2.088888s since last cube successfully placed.
[5/9/2018 5:56:39 PM] (22.30497s): User picked up the correct object. Distance to center of correct object: -1
[5/9/2018 5:56:39 PM] (23.1763s): User released an object.
[5/9/2018 5:56:40 PM] (23.43333s): Cube successfully placed in target. 1.855556s since last cube successfully placed.
[5/9/2018 5:56:40 PM] (23.86871s): User picked up the correct object. Distance to center of correct object: -1
[5/9/2018 5:56:41 PM] (24.77355s): User released an object.
[5/9/2018 5:56:41 PM] (24.96667s): Cube successfully placed in target. 1.533333s since last cube successfully placed.
[5/9/2018 5:56:42 PM] (25.66708s): User tried to pick up an object but missed. Distance to center of correct object: -1
[5/9/2018 5:56:42 PM] (26.03583s): User picked up the correct object. Distance to center of correct object: -1
[5/9/2018 5:56:43 PM] (26.86286s): User released an object.
[5/9/2018 5:56:43 PM] (27.11111s): Cube successfully placed in target. 2.144445s since last cube successfully placed.
[5/9/2018 5:56:43 PM] (27.1192s): Test Concluded. ID: 017. Scene: InteractionMethod4Large. Number of correct pickups: 10. Number of wrong pickups: 0. Number of missed pickups: 3
