[5/9/2018 2:59:38 PM] (0s): Application Started. ID: 011. Scene: InteractionMethod1Small.
[5/9/2018 2:59:46 PM] (8.254722s): Test Started. ID: 011. Scene: InteractionMethod1Small.
[5/9/2018 2:59:47 PM] (9.56052s): User picked up wrong object. Distance to center of correct object: 0.03269329
[5/9/2018 2:59:49 PM] (11.21374s): User released an object.
[5/9/2018 2:59:49 PM] (11.42222s): Cube successfully placed in target. 11.42222s since last cube successfully placed.
[5/9/2018 2:59:51 PM] (12.83339s): User picked up wrong object. Distance to center of correct object: 0.05604137
[5/9/2018 2:59:52 PM] (13.83867s): User released an object.
[5/9/2018 2:59:52 PM] (14.03333s): Cube successfully placed in target. 2.611112s since last cube successfully placed.
[5/9/2018 2:59:53 PM] (15.15661s): User tried to pick up an object but missed. Distance to center of correct object: 0.1415802
[5/9/2018 2:59:54 PM] (16.54163s): User picked up wrong object. Distance to center of correct object: 0.01762241
[5/9/2018 2:59:55 PM] (17.58052s): User released an object.
[5/9/2018 2:59:56 PM] (17.78889s): Cube successfully placed in target. 3.755555s since last cube successfully placed.
[5/9/2018 2:59:57 PM] (19.09969s): User picked up wrong object. Distance to center of correct object: 0.02691105
[5/9/2018 2:59:58 PM] (20.51807s): User released an object.
[5/9/2018 2:59:58 PM] (20.73333s): Cube successfully placed in target. 2.944445s since last cube successfully placed.
[5/9/2018 3:00:00 PM] (22.05954s): User picked up wrong object. Distance to center of correct object: 0.06920864
[5/9/2018 3:00:01 PM] (23.50047s): User released an object.
[5/9/2018 3:00:01 PM] (23.71111s): Cube successfully placed in target. 2.977777s since last cube successfully placed.
[5/9/2018 3:00:04 PM] (26.17008s): User picked up wrong object. Distance to center of correct object: 0.02704141
[5/9/2018 3:00:05 PM] (27.27591s): User released an object.
[5/9/2018 3:00:05 PM] (27.48889s): Cube successfully placed in target. 3.777779s since last cube successfully placed.
[5/9/2018 3:00:07 PM] (28.90672s): User picked up wrong object. Distance to center of correct object: 0.01497065
[5/9/2018 3:00:08 PM] (30.04595s): User released an object.
[5/9/2018 3:00:08 PM] (30.27778s): Cube successfully placed in target. 2.788889s since last cube successfully placed.
[5/9/2018 3:00:10 PM] (31.86673s): User picked up wrong object. Distance to center of correct object: 0.03717409
[5/9/2018 3:00:11 PM] (32.83841s): User released an object.
[5/9/2018 3:00:11 PM] (33.1s): Cube successfully placed in target. 2.822224s since last cube successfully placed.
[5/9/2018 3:00:13 PM] (34.90477s): User picked up wrong object. Distance to center of correct object: 0.01677932
[5/9/2018 3:00:14 PM] (36.21178s): User released an object.
[5/9/2018 3:00:14 PM] (36.44445s): Cube successfully placed in target. 3.344444s since last cube successfully placed.
[5/9/2018 3:00:15 PM] (37.39566s): User picked up wrong object. Distance to center of correct object: 0.06289954
[5/9/2018 3:00:16 PM] (38.34519s): User released an object.
[5/9/2018 3:00:16 PM] (38.57778s): Cube successfully placed in target. 2.133331s since last cube successfully placed.
[5/9/2018 3:00:16 PM] (38.57966s): Test Concluded. ID: 011. Scene: InteractionMethod1Small. Number of correct pickups: 0. Number of wrong pickups: 10. Number of missed pickups: 1
