[5/9/2018 3:02:04 PM] (0s): Application Started. ID: 011. Scene: InteractionMethod2Small.
[5/9/2018 3:02:09 PM] (4.981845s): Test Started. ID: 011. Scene: InteractionMethod2Small.
[5/9/2018 3:02:09 PM] (5.551445s): User tried to drop an object but was not holding one.
[5/9/2018 3:02:10 PM] (6.255556s): User picked up the correct object. Distance to center of correct object: 0.08855954
[5/9/2018 3:02:11 PM] (7.528493s): User released an object.
[5/9/2018 3:02:11 PM] (7.733334s): Cube successfully placed in target. 7.733334s since last cube successfully placed.
[5/9/2018 3:02:12 PM] (8.8s): User picked up the correct object. Distance to center of correct object: 0.0972643
[5/9/2018 3:02:13 PM] (9.840565s): User released an object.
[5/9/2018 3:02:14 PM] (10.05556s): Cube successfully placed in target. 2.322222s since last cube successfully placed.
[5/9/2018 3:02:15 PM] (11.17778s): User picked up the correct object. Distance to center of correct object: 0.1023782
[5/9/2018 3:02:16 PM] (12.1639s): User released an object.
[5/9/2018 3:02:16 PM] (12.37778s): Cube successfully placed in target. 2.322223s since last cube successfully placed.
[5/9/2018 3:02:17 PM] (13.48889s): User picked up the correct object. Distance to center of correct object: 0.09683071
[5/9/2018 3:02:18 PM] (14.56527s): User released an object.
[5/9/2018 3:02:18 PM] (14.76667s): Cube successfully placed in target. 2.388889s since last cube successfully placed.
[5/9/2018 3:02:20 PM] (15.97778s): User picked up wrong object. Distance to center of correct object: 0.1360518
[5/9/2018 3:02:21 PM] (17.48063s): User released an object.
[5/9/2018 3:02:22 PM] (18.24445s): User picked up the correct object. Distance to center of correct object: 0.1156682
[5/9/2018 3:02:23 PM] (19.49116s): User released an object.
[5/9/2018 3:02:23 PM] (19.66667s): Cube successfully placed in target. 4.900001s since last cube successfully placed.
[5/9/2018 3:02:24 PM] (20.78889s): User picked up the correct object. Distance to center of correct object: 0.1140757
[5/9/2018 3:02:26 PM] (21.95979s): User released an object.
[5/9/2018 3:02:26 PM] (22.15556s): Cube successfully placed in target. 2.488888s since last cube successfully placed.
[5/9/2018 3:02:27 PM] (23.22222s): User picked up the correct object. Distance to center of correct object: 0.1135518
[5/9/2018 3:02:28 PM] (24.28296s): User released an object.
[5/9/2018 3:02:28 PM] (24.5s): Cube successfully placed in target. 2.344444s since last cube successfully placed.
[5/9/2018 3:02:29 PM] (25.56667s): User picked up the correct object. Distance to center of correct object: 0.1063537
[5/9/2018 3:02:30 PM] (26.68448s): User released an object.
[5/9/2018 3:02:31 PM] (26.95556s): Cube successfully placed in target. 2.455557s since last cube successfully placed.
[5/9/2018 3:02:32 PM] (27.97778s): User picked up the correct object. Distance to center of correct object: 0.118448
[5/9/2018 3:02:32 PM] (28.80684s): User released an object.
[5/9/2018 3:02:33 PM] (29.11111s): Cube successfully placed in target. 2.155556s since last cube successfully placed.
[5/9/2018 3:02:34 PM] (30.28889s): User picked up the correct object. Distance to center of correct object: 0.09615916
[5/9/2018 3:02:35 PM] (31.23071s): User released an object.
[5/9/2018 3:02:35 PM] (31.5s): Cube successfully placed in target. 2.388887s since last cube successfully placed.
[5/9/2018 3:02:35 PM] (31.50981s): Test Concluded. ID: 011. Scene: InteractionMethod2Small. Number of correct pickups: 10. Number of wrong pickups: 1. Number of missed pickups: 0
