[5/9/2018 11:48:17 AM] (0s): Application Started. ID: 005. Scene: InteractionMethod2Large.
[5/9/2018 11:48:20 AM] (2.301083s): Test Started. ID: 005. Scene: InteractionMethod2Large.
[5/9/2018 11:48:22 AM] (4.357568s): User tried to drop an object but was not holding one.
[5/9/2018 11:48:22 AM] (5.177778s): User picked up the correct object. Distance to center of correct object: 0.1228812
[5/9/2018 11:48:24 AM] (6.535596s): User released an object.
[5/9/2018 11:48:24 AM] (6.8s): Cube successfully placed in target. 6.8s since last cube successfully placed.
[5/9/2018 11:48:25 AM] (7.9s): User picked up the correct object. Distance to center of correct object: 0.1278705
[5/9/2018 11:48:26 AM] (9.238854s): User released an object.
[5/9/2018 11:48:27 AM] (9.455556s): Cube successfully placed in target. 2.655556s since last cube successfully placed.
[5/9/2018 11:48:28 AM] (10.43333s): User picked up the correct object. Distance to center of correct object: 0.1280748
[5/9/2018 11:48:29 AM] (11.6849s): User released an object.
[5/9/2018 11:48:29 AM] (11.94444s): Cube successfully placed in target. 2.488889s since last cube successfully placed.
[5/9/2018 11:48:30 AM] (13s): User picked up the correct object. Distance to center of correct object: 0.1176917
[5/9/2018 11:48:32 AM] (14.53363s): User released an object.
[5/9/2018 11:48:32 AM] (14.77778s): Cube successfully placed in target. 2.833333s since last cube successfully placed.
[5/9/2018 11:48:33 AM] (15.94444s): User picked up the correct object. Distance to center of correct object: 0.1227365
[5/9/2018 11:48:34 AM] (17.19151s): User released an object.
[5/9/2018 11:48:35 AM] (17.42222s): Cube successfully placed in target. 2.644444s since last cube successfully placed.
[5/9/2018 11:48:36 AM] (18.5s): User picked up the correct object. Distance to center of correct object: 0.1193906
[5/9/2018 11:48:37 AM] (19.76068s): User released an object.
[5/9/2018 11:48:37 AM] (20s): Cube successfully placed in target. 2.577778s since last cube successfully placed.
[5/9/2018 11:48:38 AM] (21.22222s): User picked up the correct object. Distance to center of correct object: 0.1349807
[5/9/2018 11:48:40 AM] (22.45243s): User released an object.
[5/9/2018 11:48:40 AM] (22.65556s): Cube successfully placed in target. 2.655556s since last cube successfully placed.
[5/9/2018 11:48:41 AM] (23.45556s): User picked up the correct object. Distance to center of correct object: 0.12195
[5/9/2018 11:48:41 AM] (24.27336s): User released an object.
[5/9/2018 11:48:42 AM] (24.48889s): Cube successfully placed in target. 1.833334s since last cube successfully placed.
[5/9/2018 11:48:43 AM] (25.51111s): User picked up the correct object. Distance to center of correct object: 0.1327428
[5/9/2018 11:48:44 AM] (26.60761s): User released an object.
[5/9/2018 11:48:44 AM] (26.85556s): Cube successfully placed in target. 2.366667s since last cube successfully placed.
[5/9/2018 11:48:45 AM] (27.67778s): User picked up the correct object. Distance to center of correct object: 0.1292845
[5/9/2018 11:48:46 AM] (28.88639s): User released an object.
[5/9/2018 11:48:46 AM] (29.13333s): Cube successfully placed in target. 2.277777s since last cube successfully placed.
[5/9/2018 11:48:46 AM] (29.14316s): Test Concluded. ID: 005. Scene: InteractionMethod2Large. Number of correct pickups: 10. Number of wrong pickups: 0. Number of missed pickups: 0
