[5/9/2018 1:34:31 PM] (0s): Application Started. ID: 007. Scene: InteractionMethod4Small.
[5/9/2018 1:34:32 PM] (1.234221s): Test Aborted. ID: 007. Scene: InteractionMethod4Small. Number of correct pickups: 0. Number of wrong pickups: 0. Number of missed pickups: 0
[5/9/2018 1:34:40 PM] (0s): Application Started. ID: 007. Scene: InteractionMethod4Small.
[5/9/2018 1:34:43 PM] (2.179682s): Test Started. ID: 007. Scene: InteractionMethod4Small.
[5/9/2018 1:34:43 PM] (2.950286s): User picked up the correct object. Distance to center of correct object: -1
[5/9/2018 1:34:45 PM] (4.726313s): User released an object.
[5/9/2018 1:34:45 PM] (5.044445s): Cube successfully placed in target. 5.044445s since last cube successfully placed.
[5/9/2018 1:34:46 PM] (5.954986s): User picked up the correct object. Distance to center of correct object: -1
[5/9/2018 1:34:48 PM] (7.485245s): User released an object.
[5/9/2018 1:34:48 PM] (7.777778s): Cube successfully placed in target. 2.733334s since last cube successfully placed.
[5/9/2018 1:34:49 PM] (8.636055s): User picked up the correct object. Distance to center of correct object: -1
[5/9/2018 1:34:50 PM] (9.629788s): User released an object.
[5/9/2018 1:34:50 PM] (9.900001s): Cube successfully placed in target. 2.122222s since last cube successfully placed.
[5/9/2018 1:34:51 PM] (10.54575s): User tried to pick up an object but missed. Distance to center of correct object: -1
[5/9/2018 1:34:52 PM] (11.19353s): User picked up the correct object. Distance to center of correct object: -1
[5/9/2018 1:34:53 PM] (12.25493s): User released an object.
[5/9/2018 1:34:53 PM] (12.56667s): Cube successfully placed in target. 2.666666s since last cube successfully placed.
[5/9/2018 1:34:54 PM] (13.29419s): User picked up the correct object. Distance to center of correct object: -1
[5/9/2018 1:34:55 PM] (14.2094s): User released an object.
[5/9/2018 1:34:55 PM] (14.5s): Cube successfully placed in target. 1.933333s since last cube successfully placed.
[5/9/2018 1:34:56 PM] (15.25947s): User picked up the correct object. Distance to center of correct object: -1
[5/9/2018 1:34:56 PM] (16.0189s): User released an object.
[5/9/2018 1:34:57 PM] (16.27778s): Cube successfully placed in target. 1.777779s since last cube successfully placed.
[5/9/2018 1:34:57 PM] (16.91245s): User picked up the correct object. Distance to center of correct object: -1
[5/9/2018 1:34:58 PM] (17.62737s): User released an object.
[5/9/2018 1:34:59 PM] (18.21111s): Cube successfully placed in target. 1.933332s since last cube successfully placed.
[5/9/2018 1:34:59 PM] (18.52102s): User tried to pick up an object but missed. Distance to center of correct object: -1
[5/9/2018 1:35:00 PM] (19.12445s): User picked up the correct object. Distance to center of correct object: -1
[5/9/2018 1:35:00 PM] (20.10737s): User released an object.
[5/9/2018 1:35:01 PM] (20.34444s): Cube successfully placed in target. 2.133333s since last cube successfully placed.
[5/9/2018 1:35:02 PM] (21.13461s): User picked up the correct object. Distance to center of correct object: -1
[5/9/2018 1:35:02 PM] (22.01704s): User released an object.
[5/9/2018 1:35:03 PM] (22.28889s): Cube successfully placed in target. 1.944445s since last cube successfully placed.
[5/9/2018 1:35:03 PM] (22.92178s): User picked up the correct object. Distance to center of correct object: -1
[5/9/2018 1:35:04 PM] (23.71491s): User released an object.
[5/9/2018 1:35:04 PM] (23.98889s): Cube successfully placed in target. 1.700001s since last cube successfully placed.
[5/9/2018 1:35:04 PM] (23.99405s): Test Concluded. ID: 007. Scene: InteractionMethod4Small. Number of correct pickups: 10. Number of wrong pickups: 0. Number of missed pickups: 2
