[5/9/2018 1:27:39 PM] (0s): Application Started. ID: 007. Scene: InteractionMethod1Small.
[5/9/2018 1:27:42 PM] (3.492192s): Test Started. ID: 007. Scene: InteractionMethod1Small.
[5/9/2018 1:27:44 PM] (5.05581s): User tried to pick up an object but missed. Distance to center of correct object: 0.102449
[5/9/2018 1:27:45 PM] (6.407356s): User picked up wrong object. Distance to center of correct object: 0.01142182
[5/9/2018 1:27:47 PM] (8.574284s): User released an object.
[5/9/2018 1:27:48 PM] (9s): Cube successfully placed in target. 9s since last cube successfully placed.
[5/9/2018 1:27:49 PM] (10.73012s): User picked up wrong object. Distance to center of correct object: 0.0895116
[5/9/2018 1:27:52 PM] (12.98641s): User released an object.
[5/9/2018 1:27:52 PM] (13.37778s): Cube successfully placed in target. 4.377778s since last cube successfully placed.
[5/9/2018 1:27:54 PM] (15.3096s): User picked up wrong object. Distance to center of correct object: 0.07438054
[5/9/2018 1:27:55 PM] (16.41558s): User released an object.
[5/9/2018 1:27:55 PM] (16.84444s): Cube successfully placed in target. 3.466666s since last cube successfully placed.
[5/9/2018 1:27:56 PM] (17.07459s): User tried to pick up an object but missed. Distance to center of correct object: 0.2798868
[5/9/2018 1:27:56 PM] (17.57743s): User picked up wrong object. Distance to center of correct object: 0.08014672
[5/9/2018 1:27:58 PM] (19.26377s): User released an object.
[5/9/2018 1:27:58 PM] (19.57778s): Cube successfully placed in target. 2.733334s since last cube successfully placed.
[5/9/2018 1:27:59 PM] (20.15737s): User tried to pick up an object but missed. Distance to center of correct object: 0.1235631
[5/9/2018 1:27:59 PM] (20.84993s): User picked up wrong object. Distance to center of correct object: 0.0505617
[5/9/2018 1:28:00 PM] (21.47558s): User released an object.
[5/9/2018 1:28:00 PM] (21.82222s): Cube successfully placed in target. 2.244446s since last cube successfully placed.
[5/9/2018 1:28:01 PM] (22.30192s): User tried to pick up an object but missed. Distance to center of correct object: 0.1215269
[5/9/2018 1:28:02 PM] (22.97212s): User picked up wrong object. Distance to center of correct object: 0.05400821
[5/9/2018 1:28:02 PM] (23.59794s): User released an object.
[5/9/2018 1:28:03 PM] (23.88889s): Cube successfully placed in target. 2.066666s since last cube successfully placed.
[5/9/2018 1:28:03 PM] (24.46892s): User picked up wrong object. Distance to center of correct object: 0.0444148
[5/9/2018 1:28:04 PM] (25.20604s): User released an object.
[5/9/2018 1:28:04 PM] (25.52222s): Cube successfully placed in target. 1.633333s since last cube successfully placed.
[5/9/2018 1:28:05 PM] (26.16676s): User picked up wrong object. Distance to center of correct object: 0.0587915
[5/9/2018 1:28:06 PM] (26.98211s): User released an object.
[5/9/2018 1:28:06 PM] (27.34444s): Cube successfully placed in target. 1.822222s since last cube successfully placed.
[5/9/2018 1:28:06 PM] (27.86456s): User picked up wrong object. Distance to center of correct object: 0.06770523
[5/9/2018 1:28:09 PM] (30.24379s): User released an object.
[5/9/2018 1:28:10 PM] (31.41648s): User picked up wrong object. Distance to center of correct object: 0.05442375
[5/9/2018 1:28:10 PM] (31.86364s): User released an object.
[5/9/2018 1:28:11 PM] (32.23333s): Cube successfully placed in target. 4.888889s since last cube successfully placed.
[5/9/2018 1:28:11 PM] (32.65649s): User picked up wrong object. Distance to center of correct object: 0.04515897
[5/9/2018 1:28:12 PM] (33.24885s): User released an object.
[5/9/2018 1:28:12 PM] (33.58889s): Cube successfully placed in target. 1.355556s since last cube successfully placed.
[5/9/2018 1:28:12 PM] (33.59456s): Test Concluded. ID: 007. Scene: InteractionMethod1Small. Number of correct pickups: 0. Number of wrong pickups: 11. Number of missed pickups: 4
