[5/9/2018 2:29:55 PM] (0s): Application Started. ID: 009. Scene: InteractionMethod2Large.
[5/9/2018 2:30:03 PM] (7.598997s): Test Started. ID: 009. Scene: InteractionMethod2Large.
[5/9/2018 2:30:03 PM] (7.90047s): User tried to drop an object but was not holding one.
[5/9/2018 2:30:04 PM] (8.622223s): User picked up the correct object. Distance to center of correct object: 0.1186414
[5/9/2018 2:30:05 PM] (9.620804s): User released an object.
[5/9/2018 2:30:05 PM] (9.855556s): Cube successfully placed in target. 9.855556s since last cube successfully placed.
[5/9/2018 2:30:06 PM] (10.58889s): User picked up the correct object. Distance to center of correct object: 0.1128243
[5/9/2018 2:30:06 PM] (11.28498s): User released an object.
[5/9/2018 2:30:07 PM] (11.51111s): Cube successfully placed in target. 1.655556s since last cube successfully placed.
[5/9/2018 2:30:07 PM] (12.15556s): User picked up the correct object. Distance to center of correct object: 0.1092608
[5/9/2018 2:30:08 PM] (12.93804s): User released an object.
[5/9/2018 2:30:08 PM] (13.12222s): Cube successfully placed in target. 1.611112s since last cube successfully placed.
[5/9/2018 2:30:09 PM] (13.65556s): User picked up the correct object. Distance to center of correct object: 0.1170812
[5/9/2018 2:30:09 PM] (14.31188s): User released an object.
[5/9/2018 2:30:10 PM] (14.5s): Cube successfully placed in target. 1.377777s since last cube successfully placed.
[5/9/2018 2:30:10 PM] (15.07778s): User picked up the correct object. Distance to center of correct object: 0.141598
[5/9/2018 2:30:11 PM] (15.73041s): User released an object.
[5/9/2018 2:30:11 PM] (15.9s): Cube successfully placed in target. 1.400001s since last cube successfully placed.
[5/9/2018 2:30:12 PM] (16.5s): User picked up the correct object. Distance to center of correct object: 0.1142048
[5/9/2018 2:30:12 PM] (17.19375s): User released an object.
[5/9/2018 2:30:13 PM] (17.37778s): Cube successfully placed in target. 1.477778s since last cube successfully placed.
[5/9/2018 2:30:13 PM] (17.86667s): User picked up the correct object. Distance to center of correct object: 0.1260621
[5/9/2018 2:30:14 PM] (18.57883s): User released an object.
[5/9/2018 2:30:14 PM] (18.74445s): Cube successfully placed in target. 1.366667s since last cube successfully placed.
[5/9/2018 2:30:14 PM] (19.3s): User picked up the correct object. Distance to center of correct object: 0.1726181
[5/9/2018 2:30:15 PM] (20.01989s): User released an object.
[5/9/2018 2:30:15 PM] (20.25556s): Cube successfully placed in target. 1.51111s since last cube successfully placed.
[5/9/2018 2:30:16 PM] (20.82222s): User picked up the correct object. Distance to center of correct object: 0.1637936
[5/9/2018 2:30:17 PM] (21.51641s): User released an object.
[5/9/2018 2:30:17 PM] (21.7s): Cube successfully placed in target. 1.444445s since last cube successfully placed.
[5/9/2018 2:30:17 PM] (22.07778s): User picked up the correct object. Distance to center of correct object: 0.1315382
[5/9/2018 2:30:18 PM] (22.57747s): User released an object.
[5/9/2018 2:30:18 PM] (22.81111s): Cube successfully placed in target. 1.111111s since last cube successfully placed.
[5/9/2018 2:30:18 PM] (22.81202s): Test Concluded. ID: 009. Scene: InteractionMethod2Large. Number of correct pickups: 10. Number of wrong pickups: 0. Number of missed pickups: 0
