[5/9/2018 4:29:06 PM] (0s): Application Started. ID: 016. Scene: InteractionMethod1Small.
[5/9/2018 4:29:10 PM] (3.951719s): Test Started. ID: 016. Scene: InteractionMethod1Small.
[5/9/2018 4:29:11 PM] (4.889893s): User picked up wrong object. Distance to center of correct object: 0.0443698
[5/9/2018 4:29:12 PM] (6.01819s): User released an object.
[5/9/2018 4:29:13 PM] (6.211111s): Cube successfully placed in target. 6.211111s since last cube successfully placed.
[5/9/2018 4:29:13 PM] (6.811061s): User picked up wrong object. Distance to center of correct object: 0.08827295
[5/9/2018 4:29:14 PM] (7.525837s): User released an object.
[5/9/2018 4:29:14 PM] (7.666667s): Cube successfully placed in target. 1.455556s since last cube successfully placed.
[5/9/2018 4:29:15 PM] (8.385955s): User picked up wrong object. Distance to center of correct object: 0.08376498
[5/9/2018 4:29:16 PM] (9.25784s): User released an object.
[5/9/2018 4:29:16 PM] (9.411111s): Cube successfully placed in target. 1.744444s since last cube successfully placed.
[5/9/2018 4:29:16 PM] (10.07244s): User picked up wrong object. Distance to center of correct object: 0.04019078
[5/9/2018 4:29:17 PM] (10.88804s): User released an object.
[5/9/2018 4:29:17 PM] (11.04445s): Cube successfully placed in target. 1.633334s since last cube successfully placed.
[5/9/2018 4:29:18 PM] (11.80383s): User picked up wrong object. Distance to center of correct object: 0.06307647
[5/9/2018 4:29:19 PM] (12.52975s): User released an object.
[5/9/2018 4:29:19 PM] (12.67778s): Cube successfully placed in target. 1.633333s since last cube successfully placed.
[5/9/2018 4:29:19 PM] (13.07733s): User picked up wrong object. Distance to center of correct object: 0.05911596
[5/9/2018 4:29:20 PM] (13.62456s): User released an object.
[5/9/2018 4:29:20 PM] (13.74444s): Cube successfully placed in target. 1.066667s since last cube successfully placed.
[5/9/2018 4:29:21 PM] (14.21645s): User picked up wrong object. Distance to center of correct object: 0.08292557
[5/9/2018 4:29:21 PM] (14.81958s): User released an object.
[5/9/2018 4:29:21 PM] (14.94444s): Cube successfully placed in target. 1.2s since last cube successfully placed.
[5/9/2018 4:29:22 PM] (15.42282s): User tried to pick up an object but missed. Distance to center of correct object: 0.1181713
[5/9/2018 4:29:23 PM] (16.22695s): User picked up wrong object. Distance to center of correct object: 0.02234248
[5/9/2018 4:29:23 PM] (17.04233s): User released an object.
[5/9/2018 4:29:24 PM] (17.22222s): Cube successfully placed in target. 2.277779s since last cube successfully placed.
[5/9/2018 4:29:24 PM] (17.77962s): User picked up wrong object. Distance to center of correct object: 0.06236454
[5/9/2018 4:29:25 PM] (18.53932s): User released an object.
[5/9/2018 4:29:25 PM] (18.67778s): Cube successfully placed in target. 1.455555s since last cube successfully placed.
[5/9/2018 4:29:26 PM] (19.23158s): User picked up wrong object. Distance to center of correct object: 0.04669292
[5/9/2018 4:29:26 PM] (20.03595s): User released an object.
[5/9/2018 4:29:27 PM] (20.15556s): Cube successfully placed in target. 1.477777s since last cube successfully placed.
[5/9/2018 4:29:27 PM] (20.159s): Test Concluded. ID: 016. Scene: InteractionMethod1Small. Number of correct pickups: 0. Number of wrong pickups: 10. Number of missed pickups: 1
