[5/9/2018 11:10:33 AM] (0s): Application Started. ID: 003. Scene: InteractionMethod4Large.
[5/9/2018 11:10:42 AM] (9.42048s): Test Started. ID: 003. Scene: InteractionMethod4Large.
[5/9/2018 11:10:43 AM] (10.55984s): User picked up the correct object. Distance to center of correct object: -1
[5/9/2018 11:10:45 AM] (12.44756s): User released an object.
[5/9/2018 11:10:45 AM] (12.68889s): Cube successfully placed in target. 12.68889s since last cube successfully placed.
[5/9/2018 11:10:46 AM] (13.70966s): User picked up the correct object. Distance to center of correct object: -1
[5/9/2018 11:10:48 AM] (15.39636s): User released an object.
[5/9/2018 11:10:48 AM] (15.64444s): Cube successfully placed in target. 2.955555s since last cube successfully placed.
[5/9/2018 11:10:49 AM] (16.77017s): User picked up the correct object. Distance to center of correct object: -1
[5/9/2018 11:10:51 AM] (18.23346s): User released an object.
[5/9/2018 11:10:51 AM] (18.47778s): Cube successfully placed in target. 2.833333s since last cube successfully placed.
[5/9/2018 11:10:53 AM] (20.57902s): User picked up the correct object. Distance to center of correct object: -1
[5/9/2018 11:10:55 AM] (22.4332s): User released an object.
[5/9/2018 11:10:55 AM] (22.66667s): Cube successfully placed in target. 4.18889s since last cube successfully placed.
[5/9/2018 11:10:56 AM] (23.79675s): User picked up the correct object. Distance to center of correct object: -1
[5/9/2018 11:10:58 AM] (25.28159s): User released an object.
[5/9/2018 11:10:58 AM] (25.53333s): Cube successfully placed in target. 2.866667s since last cube successfully placed.
[5/9/2018 11:10:59 AM] (26.43208s): User picked up the correct object. Distance to center of correct object: -1
[5/9/2018 11:11:00 AM] (27.54899s): User released an object.
[5/9/2018 11:11:00 AM] (27.77778s): Cube successfully placed in target. 2.244444s since last cube successfully placed.
[5/9/2018 11:11:01 AM] (28.7667s): User picked up the correct object. Distance to center of correct object: -1
[5/9/2018 11:11:02 AM] (29.71598s): User released an object.
[5/9/2018 11:11:03 AM] (29.95556s): Cube successfully placed in target. 2.177778s since last cube successfully placed.
[5/9/2018 11:11:04 AM] (31.1011s): User picked up the correct object. Distance to center of correct object: -1
[5/9/2018 11:11:05 AM] (32.40781s): User released an object.
[5/9/2018 11:11:05 AM] (32.64444s): Cube successfully placed in target. 2.688887s since last cube successfully placed.
[5/9/2018 11:11:06 AM] (33.17854s): User picked up the correct object. Distance to center of correct object: -1
[5/9/2018 11:11:07 AM] (34.19496s): User released an object.
[5/9/2018 11:11:07 AM] (34.42222s): Cube successfully placed in target. 1.777779s since last cube successfully placed.
[5/9/2018 11:11:08 AM] (35.22279s): User picked up the correct object. Distance to center of correct object: -1
[5/9/2018 11:11:09 AM] (36.71939s): User released an object.
[5/9/2018 11:11:10 AM] (37.04445s): Cube successfully placed in target. 2.622223s since last cube successfully placed.
[5/9/2018 11:11:10 AM] (37.05454s): Test Concluded. ID: 003. Scene: InteractionMethod4Large. Number of correct pickups: 10. Number of wrong pickups: 0. Number of missed pickups: 0
