[5/9/2018 11:11:56 AM] (0s): Application Started. ID: 003. Scene: InteractionMethod4Small.
[5/9/2018 11:12:00 AM] (4.154982s): Test Started. ID: 003. Scene: InteractionMethod4Small.
[5/9/2018 11:12:01 AM] (5.316567s): User picked up the correct object. Distance to center of correct object: -1
[5/9/2018 11:12:03 AM] (7.405267s): User released an object.
[5/9/2018 11:12:03 AM] (7.655556s): Cube successfully placed in target. 7.655556s since last cube successfully placed.
[5/9/2018 11:12:04 AM] (8.477606s): User picked up the correct object. Distance to center of correct object: -1
[5/9/2018 11:12:06 AM] (10.3653s): User released an object.
[5/9/2018 11:12:06 AM] (10.61111s): Cube successfully placed in target. 2.955556s since last cube successfully placed.
[5/9/2018 11:12:08 AM] (11.97383s): User picked up the correct object. Distance to center of correct object: -1
[5/9/2018 11:12:09 AM] (13.09081s): User released an object.
[5/9/2018 11:12:09 AM] (13.34445s): Cube successfully placed in target. 2.733334s since last cube successfully placed.
[5/9/2018 11:12:10 AM] (13.89511s): User tried to pick up an object but missed. Distance to center of correct object: -1
[5/9/2018 11:12:10 AM] (14.43108s): User picked up the correct object. Distance to center of correct object: -1
[5/9/2018 11:12:12 AM] (15.73793s): User released an object.
[5/9/2018 11:12:12 AM] (15.95556s): Cube successfully placed in target. 2.611111s since last cube successfully placed.
[5/9/2018 11:12:12 AM] (16.67636s): User picked up the correct object. Distance to center of correct object: -1
[5/9/2018 11:12:14 AM] (17.82687s): User released an object.
[5/9/2018 11:12:14 AM] (18.08889s): Cube successfully placed in target. 2.133334s since last cube successfully placed.
[5/9/2018 11:12:15 AM] (19.3682s): User picked up the correct object. Distance to center of correct object: -1
[5/9/2018 11:12:16 AM] (20.6194s): User released an object.
[5/9/2018 11:12:17 AM] (20.87778s): Cube successfully placed in target. 2.788889s since last cube successfully placed.
[5/9/2018 11:12:18 AM] (21.89263s): User picked up the correct object. Distance to center of correct object: -1
[5/9/2018 11:12:19 AM] (23.18838s): User released an object.
[5/9/2018 11:12:19 AM] (23.43333s): Cube successfully placed in target. 2.555555s since last cube successfully placed.
[5/9/2018 11:12:21 AM] (24.97541s): User picked up the correct object. Distance to center of correct object: -1
[5/9/2018 11:12:22 AM] (25.99181s): User released an object.
[5/9/2018 11:12:22 AM] (26.23333s): Cube successfully placed in target. 2.799999s since last cube successfully placed.
[5/9/2018 11:12:23 AM] (26.82978s): User picked up the correct object. Distance to center of correct object: -1
[5/9/2018 11:12:23 AM] (27.65626s): User released an object.
[5/9/2018 11:12:24 AM] (27.9s): Cube successfully placed in target. 1.666668s since last cube successfully placed.
[5/9/2018 11:12:25 AM] (28.7619s): User picked up the correct object. Distance to center of correct object: -1
[5/9/2018 11:12:25 AM] (29.73364s): User released an object.
[5/9/2018 11:12:26 AM] (29.96667s): Cube successfully placed in target. 2.066666s since last cube successfully placed.
[5/9/2018 11:12:26 AM] (29.96833s): Test Concluded. ID: 003. Scene: InteractionMethod4Small. Number of correct pickups: 10. Number of wrong pickups: 0. Number of missed pickups: 1
