[5/9/2018 3:18:24 PM] (0s): Application Started. ID: 012. Scene: InteractionMethod2Small.
[5/9/2018 3:18:29 PM] (5.068882s): Test Started. ID: 012. Scene: InteractionMethod2Small.
[5/9/2018 3:18:30 PM] (5.336739s): User released an object.
[5/9/2018 3:18:30 PM] (5.677778s): User picked up the correct object. Distance to center of correct object: 0.09087471
[5/9/2018 3:18:31 PM] (6.487295s): User released an object.
[5/9/2018 3:18:31 PM] (6.688889s): Cube successfully placed in target. 6.688889s since last cube successfully placed.
[5/9/2018 3:18:31 PM] (7.311111s): User picked up the correct object. Distance to center of correct object: 0.1127035
[5/9/2018 3:18:32 PM] (8.185248s): User released an object.
[5/9/2018 3:18:33 PM] (8.377778s): Cube successfully placed in target. 1.688889s since last cube successfully placed.
[5/9/2018 3:18:33 PM] (8.944445s): User picked up the correct object. Distance to center of correct object: 0.09800968
[5/9/2018 3:18:34 PM] (9.514176s): User released an object.
[5/9/2018 3:18:34 PM] (9.788889s): Cube successfully placed in target. 1.411111s since last cube successfully placed.
[5/9/2018 3:18:34 PM] (10.28889s): User picked up the correct object. Distance to center of correct object: 0.1106249
[5/9/2018 3:18:35 PM] (10.97739s): User released an object.
[5/9/2018 3:18:35 PM] (11.18889s): Cube successfully placed in target. 1.400001s since last cube successfully placed.
[5/9/2018 3:18:36 PM] (11.68889s): User picked up the correct object. Distance to center of correct object: 0.1131195
[5/9/2018 3:18:37 PM] (12.38486s): User released an object.
[5/9/2018 3:18:37 PM] (12.61111s): Cube successfully placed in target. 1.422222s since last cube successfully placed.
[5/9/2018 3:18:37 PM] (13.26667s): User picked up the correct object. Distance to center of correct object: 0.1025468
[5/9/2018 3:18:38 PM] (14.03818s): User released an object.
[5/9/2018 3:18:38 PM] (14.23333s): Cube successfully placed in target. 1.622222s since last cube successfully placed.
[5/9/2018 3:18:39 PM] (14.93333s): User picked up the correct object. Distance to center of correct object: 0.09528194
[5/9/2018 3:18:40 PM] (15.73573s): User released an object.
[5/9/2018 3:18:40 PM] (15.96667s): Cube successfully placed in target. 1.733334s since last cube successfully placed.
[5/9/2018 3:18:41 PM] (16.57778s): User picked up the correct object. Distance to center of correct object: 0.08680366
[5/9/2018 3:18:41 PM] (17.27727s): User released an object.
[5/9/2018 3:18:42 PM] (17.45556s): Cube successfully placed in target. 1.48889s since last cube successfully placed.
[5/9/2018 3:18:42 PM] (18.06667s): User picked up the correct object. Distance to center of correct object: 0.1101701
[5/9/2018 3:18:43 PM] (18.85224s): User released an object.
[5/9/2018 3:18:43 PM] (19.04445s): Cube successfully placed in target. 1.588888s since last cube successfully placed.
[5/9/2018 3:18:44 PM] (19.55556s): User picked up the correct object. Distance to center of correct object: 0.1029922
[5/9/2018 3:18:44 PM] (20.22622s): User released an object.
[5/9/2018 3:18:45 PM] (20.42222s): Cube successfully placed in target. 1.377777s since last cube successfully placed.
[5/9/2018 3:18:45 PM] (20.42707s): Test Concluded. ID: 012. Scene: InteractionMethod2Small. Number of correct pickups: 10. Number of wrong pickups: 0. Number of missed pickups: 0
